<?xml version="1.0" encoding="UTF-8"?>
<!-- Generated by org.testng.reporters.JUnitReportReporter -->
<testsuite hostname="LAPTOP-8JNORMGV" name="Testfile.typeofworkmethod" tests="1" failures="0" timestamp="28 Dec 2020 13:53:57 GMT" time="18.200" errors="0">
  <testcase name="typeofwork" time="18.200" classname="Testfile.typeofworkmethod"/>
</testsuite> <!-- Testfile.typeofworkmethod -->
