<?xml version="1.0" encoding="UTF-8"?>
<!-- Generated by org.testng.reporters.JUnitReportReporter -->
<testsuite hostname="LAPTOP-8JNORMGV" name="testing.AssertclassDemo" tests="2" failures="0" timestamp="5 Jan 2021 16:17:11 GMT" time="9.652" errors="0">
  <testcase name="Muntu" time="0.009" classname="testing.AssertclassDemo"/>
  <testcase name="democlass" time="9.643" classname="testing.AssertclassDemo"/>
</testsuite> <!-- testing.AssertclassDemo -->
