<?xml version="1.0" encoding="UTF-8"?>
<!-- Generated by org.testng.reporters.JUnitReportReporter -->
<testsuite hostname="LAPTOP-8JNORMGV" name="testing.SoftAssertDemo" tests="2" failures="0" timestamp="5 Jan 2021 16:28:37 GMT" time="11.671" errors="0">
  <testcase name="muntu" time="0.009" classname="testing.SoftAssertDemo"/>
  <testcase name="softdemoMethod" time="11.662" classname="testing.SoftAssertDemo"/>
</testsuite> <!-- testing.SoftAssertDemo -->
