<?xml version="1.0" encoding="UTF-8"?>
<!-- Generated by org.testng.reporters.JUnitReportReporter -->
<testsuite hostname="LAPTOP-8JNORMGV" name="Testfile.ActitimeCreateTypeOfWorkTest" tests="1" failures="0" timestamp="30 Dec 2020 17:01:33 GMT" time="21.114" errors="0">
  <testcase name="typeofwork" time="21.114" classname="Testfile.ActitimeCreateTypeOfWorkTest"/>
</testsuite> <!-- Testfile.ActitimeCreateTypeOfWorkTest -->
