<?xml version="1.0" encoding="UTF-8"?>
<!-- Generated by org.testng.reporters.JUnitReportReporter -->
<testsuite hostname="LAPTOP-8JNORMGV" name="Testfile.ActitimeEditLeaveTypeTest" tests="1" failures="0" timestamp="2 Jan 2021 18:18:28 GMT" time="39.673" errors="0">
  <testcase name="editleavetype" time="39.673" classname="Testfile.ActitimeEditLeaveTypeTest"/>
</testsuite> <!-- Testfile.ActitimeEditLeaveTypeTest -->
