<?xml version="1.0" encoding="UTF-8"?>
<!-- Generated by org.testng.reporters.JUnitReportReporter -->
<testsuite hostname="LAPTOP-8JNORMGV" name="Testfile.cutomeredit" tests="1" failures="0" timestamp="27 Dec 2020 15:00:23 GMT" time="20.402" errors="0">
  <testcase name="customerEditTest" time="20.402" classname="Testfile.cutomeredit"/>
</testsuite> <!-- Testfile.cutomeredit -->
