<?xml version="1.0" encoding="UTF-8"?>
<!-- Generated by org.testng.reporters.JUnitReportReporter -->
<testsuite hostname="LAPTOP-8JNORMGV" name="Testfile.EditCutomertest" tests="1" failures="0" timestamp="28 Dec 2020 17:28:31 GMT" time="31.380" errors="0">
  <testcase name="actitimeedit" time="31.380" classname="Testfile.EditCutomertest"/>
</testsuite> <!-- Testfile.EditCutomertest -->
