<?xml version="1.0" encoding="UTF-8"?>
<!-- Generated by org.testng.reporters.JUnitReportReporter -->
<testsuite hostname="LAPTOP-8JNORMGV" name="Testfile.ActitimeCreateCustomerTest" tests="1" failures="0" timestamp="1 Jan 2021 19:41:39 GMT" time="13.025" errors="0">
  <testcase name="createcustomer" time="13.025" classname="Testfile.ActitimeCreateCustomerTest"/>
</testsuite> <!-- Testfile.ActitimeCreateCustomerTest -->
