<?xml version="1.0" encoding="UTF-8"?>
<!-- Generated by org.testng.reporters.JUnitReportReporter -->
<testsuite hostname="LAPTOP-8JNORMGV" name="Testfile.ActitimeEditTypeOfWorktest" tests="1" failures="0" timestamp="30 Dec 2020 16:54:56 GMT" time="32.387" errors="0">
  <testcase name="Editmethod" time="32.387" classname="Testfile.ActitimeEditTypeOfWorktest"/>
</testsuite> <!-- Testfile.ActitimeEditTypeOfWorktest -->
