<?xml version="1.0" encoding="UTF-8"?>
<!-- Generated by org.testng.reporters.JUnitReportReporter -->
<testsuite hostname="LAPTOP-8JNORMGV" name="Testfile.Deletecustomertest" tests="1" failures="0" timestamp="28 Dec 2020 11:03:49 GMT" time="18.819" errors="0">
  <testcase name="customerEditTest" time="18.819" classname="Testfile.Deletecustomertest"/>
</testsuite> <!-- Testfile.Deletecustomertest -->
