<?xml version="1.0" encoding="UTF-8"?>
<!-- Generated by org.testng.reporters.JUnitReportReporter -->
<testsuite hostname="LAPTOP-8JNORMGV" name="Testfile.ActitimeLeaveTypeLogignTest" tests="1" failures="0" timestamp="15 Jan 2021 16:18:21 GMT" time="36.782" errors="0">
  <testcase name="leavetype" time="36.782" classname="Testfile.ActitimeLeaveTypeLogignTest"/>
</testsuite> <!-- Testfile.ActitimeLeaveTypeLogignTest -->
